{"uuid":"6bb50036-0ad9-4f9d-aa2e-4d78fcf07ed6","historyId":"862e9ac1b965e50cb5f86fda571be39a","testCaseId":"a0a2efccb47e407ad5db4a9af272c609","fullName":"src/test/resources/yepyAutomation/yepyAnasayfaKontrol.feature:5","labels":[{"name":"tag","value":"test"},{"name":"host","value":"DESKTOP-GHVI7E7"},{"name":"thread","value":"26680@DESKTOP-GHVI7E7.main(1)"},{"name":"feature","value":"Sahibinden Yepy homepage"},{"name":"story","value":"Sahibinden Yepy Homepage Control"},{"name":"suite","value":"Sahibinden Yepy homepage"},{"name":"testClass","value":"Sahibinden Yepy Homepage Control"},{"name":"framework","value":"cucumber4jvm"},{"name":"language","value":"java"},{"name":"gherkin_uri","value":"file:///C:/Users/sirat/IdeaProjects/com.sahibinden.auto/src/test/resources/yepyAutomation/yepyAnasayfaKontrol.feature"},{"name":"package","value":"src.test.resources.yepyAutomation.yepyAnasayfaKontrol_feature.Sahibinden Yepy homepage"}],"links":[],"name":"Sahibinden Yepy Homepage Control","status":"broken","statusDetails":{"known":false,"muted":false,"flaky":false,"message":"no such element: Unable to locate element: {\"method\":\"css selector\",\"selector\":\"a.sui-button.banner-section-buttons[title='Kendi telefonunu sat']\"}\n  (Session info: chrome=135.0.7049.96)\nFor documentation on this error, please visit: https://www.selenium.dev/documentation/webdriver/troubleshooting/errors#no-such-element-exception\nBuild info: version: '4.31.0', revision: '1ef9f18787*'\nSystem info: os.name: 'Windows 10', os.arch: 'amd64', os.version: '10.0', java.version: '18.0.2.1'\nDriver info: org.openqa.selenium.chrome.ChromeDriver\nCommand: [254f37bae5f1f9ecedf951b645b37b8b, findElement {value=a.sui-button.banner-section-buttons[title='Kendi telefonunu sat'], using=css selector}]\nCapabilities {acceptInsecureCerts: false, browserName: chrome, browserVersion: 135.0.7049.96, chrome: {chromedriverVersion: 135.0.7049.114 (63fd8a7d9d0..., userDataDir: C:\\Users\\sirat\\AppData\\Loca...}, fedcm:accounts: true, goog:chromeOptions: {debuggerAddress: localhost:58380}, networkConnectionEnabled: false, pageLoadStrategy: normal, platformName: windows, proxy: Proxy(), se:cdp: ws://localhost:58380/devtoo..., se:cdpVersion: 135.0.7049.96, setWindowRect: true, strictFileInteractability: false, timeouts: {implicit: 0, pageLoad: 300000, script: 30000}, unhandledPromptBehavior: dismiss and notify, webauthn:extension:credBlob: true, webauthn:extension:largeBlob: true, webauthn:extension:minPinLength: true, webauthn:extension:prf: true, webauthn:virtualAuthenticators: true}\nSession ID: 254f37bae5f1f9ecedf951b645b37b8b","trace":"org.openqa.selenium.NoSuchElementException: no such element: Unable to locate element: {\"method\":\"css selector\",\"selector\":\"a.sui-button.banner-section-buttons[title='Kendi telefonunu sat']\"}\n  (Session info: chrome=135.0.7049.96)\nFor documentation on this error, please visit: https://www.selenium.dev/documentation/webdriver/troubleshooting/errors#no-such-element-exception\nBuild info: version: '4.31.0', revision: '1ef9f18787*'\nSystem info: os.name: 'Windows 10', os.arch: 'amd64', os.version: '10.0', java.version: '18.0.2.1'\nDriver info: org.openqa.selenium.chrome.ChromeDriver\nCommand: [254f37bae5f1f9ecedf951b645b37b8b, findElement {value=a.sui-button.banner-section-buttons[title='Kendi telefonunu sat'], using=css selector}]\nCapabilities {acceptInsecureCerts: false, browserName: chrome, browserVersion: 135.0.7049.96, chrome: {chromedriverVersion: 135.0.7049.114 (63fd8a7d9d0..., userDataDir: C:\\Users\\sirat\\AppData\\Loca...}, fedcm:accounts: true, goog:chromeOptions: {debuggerAddress: localhost:58380}, networkConnectionEnabled: false, pageLoadStrategy: normal, platformName: windows, proxy: Proxy(), se:cdp: ws://localhost:58380/devtoo..., se:cdpVersion: 135.0.7049.96, setWindowRect: true, strictFileInteractability: false, timeouts: {implicit: 0, pageLoad: 300000, script: 30000}, unhandledPromptBehavior: dismiss and notify, webauthn:extension:credBlob: true, webauthn:extension:largeBlob: true, webauthn:extension:minPinLength: true, webauthn:extension:prf: true, webauthn:virtualAuthenticators: true}\nSession ID: 254f37bae5f1f9ecedf951b645b37b8b\r\n\tat java.base/jdk.internal.reflect.DirectConstructorHandleAccessor.newInstance(DirectConstructorHandleAccessor.java:67)\r\n\tat java.base/java.lang.reflect.Constructor.newInstanceWithCaller(Constructor.java:499)\r\n\tat java.base/java.lang.reflect.Constructor.newInstance(Constructor.java:483)\r\n\tat org.openqa.selenium.remote.ErrorCodec.decode(ErrorCodec.java:167)\r\n\tat org.openqa.selenium.remote.codec.w3c.W3CHttpResponseCodec.decode(W3CHttpResponseCodec.java:138)\r\n\tat org.openqa.selenium.remote.codec.w3c.W3CHttpResponseCodec.decode(W3CHttpResponseCodec.java:50)\r\n\tat org.openqa.selenium.remote.HttpCommandExecutor.execute(HttpCommandExecutor.java:215)\r\n\tat org.openqa.selenium.remote.service.DriverCommandExecutor.invokeExecute(DriverCommandExecutor.java:216)\r\n\tat org.openqa.selenium.remote.service.DriverCommandExecutor.execute(DriverCommandExecutor.java:174)\r\n\tat org.openqa.selenium.remote.RemoteWebDriver.execute(RemoteWebDriver.java:545)\r\n\tat org.openqa.selenium.remote.ElementLocation$ElementFinder$2.findElement(ElementLocation.java:165)\r\n\tat org.openqa.selenium.remote.ElementLocation.findElement(ElementLocation.java:59)\r\n\tat org.openqa.selenium.remote.RemoteWebDriver.findElement(RemoteWebDriver.java:368)\r\n\tat org.openqa.selenium.remote.RemoteWebDriver.findElement(RemoteWebDriver.java:362)\r\n\tat utils.ElementManager.findElement(ElementManager.java:106)\r\n\tat stepDefinitions.GeneralSteps.isElementVisibilityWithSize(GeneralSteps.java:21)\r\n\tat stepDefinitions.GeneralSteps.assert_that_element_is_visible(GeneralSteps.java:57)\r\n\tat ✽.Assert that \"KENDI_TELEFONUNU_SAT_BUTON\" element is visible(file:///C:/Users/sirat/IdeaProjects/com.sahibinden.auto/src/test/resources/yepyAutomation/yepyAnasayfaKontrol.feature:12)\r\n"},"stage":"finished","steps":[{"name":"* Go to url","status":"passed","statusDetails":{"known":false,"muted":false,"flaky":false},"stage":"finished","steps":[],"attachments":[],"parameters":[],"start":1745521778323,"stop":1745521783400},{"name":"* Click \"CEREZLERI_KABUL_ET_BUTON\"","status":"passed","statusDetails":{"known":false,"muted":false,"flaky":false},"stage":"finished","steps":[],"attachments":[],"parameters":[],"start":1745521783401,"stop":1745521783465},{"name":"* Assert that \"YEPY_BUTTON\" element is visible","status":"passed","statusDetails":{"known":false,"muted":false,"flaky":false},"stage":"finished","steps":[],"attachments":[],"parameters":[],"start":1745521783465,"stop":1745521783499},{"name":"* Click \"YEPY_BUTTON\"","status":"passed","statusDetails":{"known":false,"muted":false,"flaky":false},"stage":"finished","steps":[],"attachments":[],"parameters":[],"start":1745521783499,"stop":1745521783698},{"name":"* Assert that \"YENILENMIS_TELEFON_AL_BUTON\" element is visible","status":"passed","statusDetails":{"known":false,"muted":false,"flaky":false},"stage":"finished","steps":[],"attachments":[],"parameters":[],"start":1745521783698,"stop":1745521783722},{"name":"* Wait 3 seconds","status":"passed","statusDetails":{"known":false,"muted":false,"flaky":false},"stage":"finished","steps":[],"attachments":[],"parameters":[],"start":1745521783722,"stop":1745521786730},{"name":"* Assert that \"KENDI_TELEFONUNU_SAT_BUTON\" element is visible","status":"broken","statusDetails":{"known":false,"muted":false,"flaky":false,"message":"no such element: Unable to locate element: {\"method\":\"css selector\",\"selector\":\"a.sui-button.banner-section-buttons[title='Kendi telefonunu sat']\"}\n  (Session info: chrome=135.0.7049.96)\nFor documentation on this error, please visit: https://www.selenium.dev/documentation/webdriver/troubleshooting/errors#no-such-element-exception\nBuild info: version: '4.31.0', revision: '1ef9f18787*'\nSystem info: os.name: 'Windows 10', os.arch: 'amd64', os.version: '10.0', java.version: '18.0.2.1'\nDriver info: org.openqa.selenium.chrome.ChromeDriver\nCommand: [254f37bae5f1f9ecedf951b645b37b8b, findElement {value=a.sui-button.banner-section-buttons[title='Kendi telefonunu sat'], using=css selector}]\nCapabilities {acceptInsecureCerts: false, browserName: chrome, browserVersion: 135.0.7049.96, chrome: {chromedriverVersion: 135.0.7049.114 (63fd8a7d9d0..., userDataDir: C:\\Users\\sirat\\AppData\\Loca...}, fedcm:accounts: true, goog:chromeOptions: {debuggerAddress: localhost:58380}, networkConnectionEnabled: false, pageLoadStrategy: normal, platformName: windows, proxy: Proxy(), se:cdp: ws://localhost:58380/devtoo..., se:cdpVersion: 135.0.7049.96, setWindowRect: true, strictFileInteractability: false, timeouts: {implicit: 0, pageLoad: 300000, script: 30000}, unhandledPromptBehavior: dismiss and notify, webauthn:extension:credBlob: true, webauthn:extension:largeBlob: true, webauthn:extension:minPinLength: true, webauthn:extension:prf: true, webauthn:virtualAuthenticators: true}\nSession ID: 254f37bae5f1f9ecedf951b645b37b8b","trace":"org.openqa.selenium.NoSuchElementException: no such element: Unable to locate element: {\"method\":\"css selector\",\"selector\":\"a.sui-button.banner-section-buttons[title='Kendi telefonunu sat']\"}\n  (Session info: chrome=135.0.7049.96)\nFor documentation on this error, please visit: https://www.selenium.dev/documentation/webdriver/troubleshooting/errors#no-such-element-exception\nBuild info: version: '4.31.0', revision: '1ef9f18787*'\nSystem info: os.name: 'Windows 10', os.arch: 'amd64', os.version: '10.0', java.version: '18.0.2.1'\nDriver info: org.openqa.selenium.chrome.ChromeDriver\nCommand: [254f37bae5f1f9ecedf951b645b37b8b, findElement {value=a.sui-button.banner-section-buttons[title='Kendi telefonunu sat'], using=css selector}]\nCapabilities {acceptInsecureCerts: false, browserName: chrome, browserVersion: 135.0.7049.96, chrome: {chromedriverVersion: 135.0.7049.114 (63fd8a7d9d0..., userDataDir: C:\\Users\\sirat\\AppData\\Loca...}, fedcm:accounts: true, goog:chromeOptions: {debuggerAddress: localhost:58380}, networkConnectionEnabled: false, pageLoadStrategy: normal, platformName: windows, proxy: Proxy(), se:cdp: ws://localhost:58380/devtoo..., se:cdpVersion: 135.0.7049.96, setWindowRect: true, strictFileInteractability: false, timeouts: {implicit: 0, pageLoad: 300000, script: 30000}, unhandledPromptBehavior: dismiss and notify, webauthn:extension:credBlob: true, webauthn:extension:largeBlob: true, webauthn:extension:minPinLength: true, webauthn:extension:prf: true, webauthn:virtualAuthenticators: true}\nSession ID: 254f37bae5f1f9ecedf951b645b37b8b\r\n\tat java.base/jdk.internal.reflect.DirectConstructorHandleAccessor.newInstance(DirectConstructorHandleAccessor.java:67)\r\n\tat java.base/java.lang.reflect.Constructor.newInstanceWithCaller(Constructor.java:499)\r\n\tat java.base/java.lang.reflect.Constructor.newInstance(Constructor.java:483)\r\n\tat org.openqa.selenium.remote.ErrorCodec.decode(ErrorCodec.java:167)\r\n\tat org.openqa.selenium.remote.codec.w3c.W3CHttpResponseCodec.decode(W3CHttpResponseCodec.java:138)\r\n\tat org.openqa.selenium.remote.codec.w3c.W3CHttpResponseCodec.decode(W3CHttpResponseCodec.java:50)\r\n\tat org.openqa.selenium.remote.HttpCommandExecutor.execute(HttpCommandExecutor.java:215)\r\n\tat org.openqa.selenium.remote.service.DriverCommandExecutor.invokeExecute(DriverCommandExecutor.java:216)\r\n\tat org.openqa.selenium.remote.service.DriverCommandExecutor.execute(DriverCommandExecutor.java:174)\r\n\tat org.openqa.selenium.remote.RemoteWebDriver.execute(RemoteWebDriver.java:545)\r\n\tat org.openqa.selenium.remote.ElementLocation$ElementFinder$2.findElement(ElementLocation.java:165)\r\n\tat org.openqa.selenium.remote.ElementLocation.findElement(ElementLocation.java:59)\r\n\tat org.openqa.selenium.remote.RemoteWebDriver.findElement(RemoteWebDriver.java:368)\r\n\tat org.openqa.selenium.remote.RemoteWebDriver.findElement(RemoteWebDriver.java:362)\r\n\tat utils.ElementManager.findElement(ElementManager.java:106)\r\n\tat stepDefinitions.GeneralSteps.isElementVisibilityWithSize(GeneralSteps.java:21)\r\n\tat stepDefinitions.GeneralSteps.assert_that_element_is_visible(GeneralSteps.java:57)\r\n\tat ✽.Assert that \"KENDI_TELEFONUNU_SAT_BUTON\" element is visible(file:///C:/Users/sirat/IdeaProjects/com.sahibinden.auto/src/test/resources/yepyAutomation/yepyAnasayfaKontrol.feature:12)\r\n"},"stage":"finished","steps":[],"attachments":[],"parameters":[],"start":1745521786730,"stop":1745521786747}],"attachments":[],"parameters":[],"start":1745521778322,"stop":1745521786749}